<?xml version="1.0" encoding="UTF-8"?>
<testsuite name="frc.robot.DriveTest" tests="4" skipped="0" failures="0" errors="0" timestamp="2020-01-11T17:22:48" hostname="DESKTOP-86VL9UO" time="5.781">
  <properties/>
  <testcase name="testMovement" classname="frc.robot.DriveTest" time="5.744"/>
  <testcase name="leftJoystick" classname="frc.robot.DriveTest" time="0.01"/>
  <testcase name="testBothJoysticks" classname="frc.robot.DriveTest" time="0.015"/>
  <testcase name="rightJoystick" classname="frc.robot.DriveTest" time="0.008"/>
  <system-out><![CDATA[]]></system-out>
  <system-err><![CDATA[]]></system-err>
</testsuite>
