<?xml version="1.0" encoding="UTF-8"?>
<testsuite name="frc.robot.utilities.ShooterMathTest" tests="3" skipped="0" failures="0" errors="0" timestamp="2020-01-25T21:18:30" hostname="LAPTOP-85TCKABJ" time="0.004">
  <properties/>
  <testcase name="test20_10" classname="frc.robot.utilities.ShooterMathTest" time="0.003"/>
  <testcase name="test40_3" classname="frc.robot.utilities.ShooterMathTest" time="0.0"/>
  <testcase name="test40_8" classname="frc.robot.utilities.ShooterMathTest" time="0.0"/>
  <system-out><![CDATA[]]></system-out>
  <system-err><![CDATA[]]></system-err>
</testsuite>
